#
# There is insufficient memory for the Java Runtime Environment to continue.
# Native memory allocation (mmap) failed to map 1214251008 bytes for Failed to commit area from 0x000000008ca00000 to 0x00000000d5000000 of length 1214251008.
# Possible reasons:
#   The system is out of physical RAM or swap space
#   The process is running with CompressedOops enabled, and the Java Heap may be blocking the growth of the native heap
# Possible solutions:
#   Reduce memory load on the system
#   Increase physical memory or swap space
#   Check if swap backing store is full
#   Decrease Java heap size (-Xmx/-Xms)
#   Decrease number of Java threads
#   Decrease Java thread stack sizes (-Xss)
#   Set larger code cache with -XX:ReservedCodeCacheSize=
#   JVM is running with Unscaled Compressed Oops mode in which the Java heap is
#     placed in the first 4GB address space. The Java Heap base address is the
#     maximum limit for the native heap growth. Please use -XX:HeapBaseMinAddress
#     to set the Java Heap base and to place the Java Heap above 4GB virtual address.
# This output file may be truncated or incomplete.
#
#  Out of Memory Error (./open/src/hotspot/os/windows/os_windows.cpp:3271), pid=14620, tid=22784
#
# JRE version: Java(TM) SE Runtime Environment 18.9 (11.0.7+8) (build 11.0.7+8-LTS)
# Java VM: Java HotSpot(TM) 64-Bit Server VM 18.9 (11.0.7+8-LTS, mixed mode, tiered, compressed oops, g1 gc, windows-amd64)
# No core dump will be written. Minidumps are not enabled by default on client versions of Windows
#

---------------  S U M M A R Y ------------

Command Line: -XX:TieredStopAtLevel=1 -Xverify:none -Dspring.output.ansi.enabled=always -Dcom.sun.management.jmxremote -Dspring.jmx.enabled=true -Dspring.liveBeansView.mbeanDomain -Dspring.application.admin.enabled=true -javaagent:C:\Program Files\JetBrains\IntelliJ IDEA 2019.3.1\lib\idea_rt.jar=16772:C:\Program Files\JetBrains\IntelliJ IDEA 2019.3.1\bin -Dfile.encoding=UTF-8 com.sapo.edu.Main

Host: Intel(R) Core(TM) i7-7700HQ CPU @ 2.80GHz, 8 cores, 7G,  Windows 10 , 64 bit Build 18362 (10.0.18362.778)
Time: Thu Jun 11 13:57:43 2020 SE Asia Standard Time elapsed time: 8 seconds (0d 0h 0m 8s)

---------------  T H R E A D  ---------------

Current thread (0x0000018da20da800):  JavaThread "org.springframework.kafka.KafkaListenerEndpointContainer#0-0-C-1" [_thread_in_vm, id=22784, stack(0x0000005561e00000,0x0000005561f00000)]

Stack: [0x0000005561e00000,0x0000005561f00000]
Native frames: (J=compiled Java code, j=interpreted, Vv=VM code, C=native code)
V  [jvm.dll+0x661a7a]
V  [jvm.dll+0x7a1b2f]
V  [jvm.dll+0x7a31d5]
V  [jvm.dll+0x7a3843]
V  [jvm.dll+0x25f1a8]
V  [jvm.dll+0x65ee8a]
V  [jvm.dll+0x653865]
V  [jvm.dll+0x316adc]
V  [jvm.dll+0x316962]
V  [jvm.dll+0x31c1d6]
V  [jvm.dll+0x3688af]
V  [jvm.dll+0x3682d0]
V  [jvm.dll+0x2f40ba]
V  [jvm.dll+0x2efc3f]
V  [jvm.dll+0x5f60b2]
V  [jvm.dll+0x5f5a14]
V  [jvm.dll+0x203ddd]
V  [jvm.dll+0x7792b7]
V  [jvm.dll+0x18a9c3]
C  0x0000018d8841c577

Java frames: (J=compiled Java code, j=interpreted, Vv=VM code)
v  ~RuntimeStub::new_type_array Runtime1 stub
J 4385 c1 java.nio.ByteBuffer.allocate(I)Ljava/nio/ByteBuffer; java.base@11.0.7 (19 bytes) @ 0x0000018d89166c36 [0x0000018d89166ac0+0x0000000000000176]
j  org.apache.kafka.common.memory.MemoryPool$1.tryAllocate(I)Ljava/nio/ByteBuffer;+1
j  org.apache.kafka.common.network.NetworkReceive.readFrom(Ljava/nio/channels/ScatteringByteChannel;)J+208
j  org.apache.kafka.common.network.KafkaChannel.receive(Lorg/apache/kafka/common/network/NetworkReceive;)J+5
j  org.apache.kafka.common.network.KafkaChannel.read()J+35
j  org.apache.kafka.common.network.Selector.attemptRead(Lorg/apache/kafka/common/network/KafkaChannel;)V+6
j  org.apache.kafka.common.network.Selector.pollSelectionKeys(Ljava/util/Set;ZJ)V+506
j  org.apache.kafka.common.network.Selector.poll(J)V+305
j  org.apache.kafka.clients.NetworkClient.poll(JJ)Ljava/util/List;+76
j  org.apache.kafka.clients.consumer.internals.ConsumerNetworkClient.poll(Lorg/apache/kafka/common/utils/Timer;Lorg/apache/kafka/clients/consumer/internals/ConsumerNetworkClient$PollCondition;Z)V+92
j  org.apache.kafka.clients.consumer.internals.ConsumerNetworkClient.poll(Lorg/apache/kafka/common/utils/Timer;Lorg/apache/kafka/clients/consumer/internals/ConsumerNetworkClient$PollCondition;)V+4
j  org.apache.kafka.clients.consumer.KafkaConsumer.pollForFetches(Lorg/apache/kafka/common/utils/Timer;)Ljava/util/Map;+108
j  org.apache.kafka.clients.consumer.KafkaConsumer.poll(Lorg/apache/kafka/common/utils/Timer;Z)Lorg/apache/kafka/clients/consumer/ConsumerRecords;+100
j  org.apache.kafka.clients.consumer.KafkaConsumer.poll(Ljava/time/Duration;)Lorg/apache/kafka/clients/consumer/ConsumerRecords;+12
j  org.springframework.kafka.listener.KafkaMessageListenerContainer$ListenerConsumer.doPoll()Lorg/apache/kafka/clients/consumer/ConsumerRecords;+132
j  org.springframework.kafka.listener.KafkaMessageListenerContainer$ListenerConsumer.pollAndInvoke()V+58
j  org.springframework.kafka.listener.KafkaMessageListenerContainer$ListenerConsumer.run()V+59
j  java.util.concurrent.Executors$RunnableAdapter.call()Ljava/lang/Object;+4 java.base@11.0.7
j  java.util.concurrent.FutureTask.run()V+39 java.base@11.0.7
j  java.lang.Thread.run()V+11 java.base@11.0.7
v  ~StubRoutines::call_stub

---------------  P R O C E S S  ---------------

Threads class SMR info:
_java_thread_list=0x0000018d9f399650, length=40, elements={
0x0000018dffedb000, 0x0000018dffede000, 0x0000018d9dade800, 0x0000018d9dadf800,
0x0000018d9dae1000, 0x0000018d9dae4800, 0x0000018dffe6c800, 0x0000018d9de8c000,
0x0000018d9de8d000, 0x0000018d9e216800, 0x0000018d9f157800, 0x0000018d9f1dc800,
0x0000018d9f9a7000, 0x0000018d9fe9e000, 0x0000018da00d6800, 0x0000018da00d7800,
0x0000018da00db800, 0x0000018da00d5800, 0x0000018da00dc000, 0x0000018da00d9000,
0x0000018da00da000, 0x0000018da00da800, 0x0000018da20db800, 0x0000018da20d8800,
0x0000018da20d9000, 0x0000018da20da800, 0x0000018da20da000, 0x0000018da20d6000,
0x0000018da20d7800, 0x0000018da20dc800, 0x0000018da20d6800, 0x0000018da00d8000,
0x0000018da2399000, 0x0000018da239a000, 0x0000018da239a800, 0x0000018da239d000,
0x0000018da239b800, 0x0000018da239e000, 0x0000018da2398800, 0x0000018da239f000
}

Java Threads: ( => current thread )
  0x0000018dffedb000 JavaThread "Reference Handler" daemon [_thread_blocked, id=3708, stack(0x000000555f800000,0x000000555f900000)]
  0x0000018dffede000 JavaThread "Finalizer" daemon [_thread_blocked, id=22188, stack(0x000000555f900000,0x000000555fa00000)]
  0x0000018d9dade800 JavaThread "Signal Dispatcher" daemon [_thread_blocked, id=23920, stack(0x000000555fa00000,0x000000555fb00000)]
  0x0000018d9dadf800 JavaThread "Attach Listener" daemon [_thread_blocked, id=1444, stack(0x000000555fb00000,0x000000555fc00000)]
  0x0000018d9dae1000 JavaThread "C1 CompilerThread0" daemon [_thread_blocked, id=13152, stack(0x000000555fc00000,0x000000555fd00000)]
  0x0000018d9dae4800 JavaThread "Sweeper thread" daemon [_thread_blocked, id=20664, stack(0x000000555fd00000,0x000000555fe00000)]
  0x0000018dffe6c800 JavaThread "Common-Cleaner" daemon [_thread_blocked, id=13408, stack(0x000000555fe00000,0x000000555ff00000)]
  0x0000018d9de8c000 JavaThread "Monitor Ctrl-Break" daemon [_thread_in_native, id=16368, stack(0x000000555ff00000,0x0000005560000000)]
  0x0000018d9de8d000 JavaThread "Service Thread" daemon [_thread_blocked, id=22864, stack(0x0000005560000000,0x0000005560100000)]
  0x0000018d9e216800 JavaThread "RMI TCP Accept-0" daemon [_thread_in_native, id=13148, stack(0x0000005560100000,0x0000005560200000)]
  0x0000018d9f157800 JavaThread "RMI TCP Connection(2)-192.168.11.66" daemon [_thread_in_native, id=18052, stack(0x0000005560900000,0x0000005560a00000)]
  0x0000018d9f1dc800 JavaThread "RMI Scheduler(0)" daemon [_thread_blocked, id=14008, stack(0x0000005560a00000,0x0000005560b00000)]
  0x0000018d9f9a7000 JavaThread "RMI TCP Connection(4)-192.168.11.66" daemon [_thread_in_native, id=20812, stack(0x0000005560800000,0x0000005560900000)]
  0x0000018d9fe9e000 JavaThread "mysql-cj-abandoned-connection-cleanup" daemon [_thread_blocked, id=17560, stack(0x0000005561100000,0x0000005561200000)]
  0x0000018da00d6800 JavaThread "HikariPool-1 housekeeper" daemon [_thread_blocked, id=14816, stack(0x0000005561300000,0x0000005561400000)]
  0x0000018da00d7800 JavaThread "task-1" [_thread_blocked, id=8020, stack(0x0000005561400000,0x0000005561500000)]
  0x0000018da00db800 JavaThread "HikariPool-1 connection adder" daemon [_thread_blocked, id=17156, stack(0x0000005561500000,0x0000005561600000)]
  0x0000018da00d5800 JavaThread "Catalina-utility-1" [_thread_blocked, id=18424, stack(0x0000005561600000,0x0000005561700000)]
  0x0000018da00dc000 JavaThread "Catalina-utility-2" [_thread_blocked, id=21324, stack(0x0000005561700000,0x0000005561800000)]
  0x0000018da00d9000 JavaThread "container-0" [_thread_blocked, id=13568, stack(0x0000005561800000,0x0000005561900000)]
  0x0000018da00da000 JavaThread "RMI TCP Connection(6)-192.168.11.66" daemon [_thread_in_native, id=19508, stack(0x0000005561900000,0x0000005561a00000)]
  0x0000018da00da800 JavaThread "File Watcher" daemon [_thread_blocked, id=9852, stack(0x0000005561a00000,0x0000005561b00000)]
  0x0000018da20db800 JavaThread "Live Reload Server" daemon [_thread_in_native, id=20540, stack(0x0000005561c00000,0x0000005561d00000)]
  0x0000018da20d8800 JavaThread "task-2" [_thread_blocked, id=18612, stack(0x0000005561b00000,0x0000005561c00000)]
  0x0000018da20d9000 JavaThread "ThreadPoolTaskScheduler-1" [_thread_blocked, id=16592, stack(0x0000005561d00000,0x0000005561e00000)]
=>0x0000018da20da800 JavaThread "org.springframework.kafka.KafkaListenerEndpointContainer#0-0-C-1" [_thread_in_vm, id=22784, stack(0x0000005561e00000,0x0000005561f00000)]
  0x0000018da20da000 JavaThread "http-nio-8081-BlockPoller" daemon [_thread_in_native, id=13884, stack(0x0000005561f00000,0x0000005562000000)]
  0x0000018da20d6000 JavaThread "http-nio-8081-exec-1" daemon [_thread_blocked, id=5072, stack(0x0000005562000000,0x0000005562100000)]
  0x0000018da20d7800 JavaThread "http-nio-8081-exec-2" daemon [_thread_blocked, id=4832, stack(0x0000005562100000,0x0000005562200000)]
  0x0000018da20dc800 JavaThread "http-nio-8081-exec-3" daemon [_thread_blocked, id=18176, stack(0x0000005562200000,0x0000005562300000)]
  0x0000018da20d6800 JavaThread "http-nio-8081-exec-4" daemon [_thread_blocked, id=14036, stack(0x0000005562300000,0x0000005562400000)]
  0x0000018da00d8000 JavaThread "http-nio-8081-exec-5" daemon [_thread_blocked, id=2664, stack(0x0000005562400000,0x0000005562500000)]
  0x0000018da2399000 JavaThread "http-nio-8081-exec-6" daemon [_thread_blocked, id=13500, stack(0x0000005562500000,0x0000005562600000)]
  0x0000018da239a000 JavaThread "http-nio-8081-exec-7" daemon [_thread_blocked, id=23788, stack(0x0000005562600000,0x0000005562700000)]
  0x0000018da239a800 JavaThread "http-nio-8081-exec-8" daemon [_thread_blocked, id=22172, stack(0x0000005562700000,0x0000005562800000)]
  0x0000018da239d000 JavaThread "http-nio-8081-exec-9" daemon [_thread_blocked, id=14872, stack(0x0000005562800000,0x0000005562900000)]
  0x0000018da239b800 JavaThread "http-nio-8081-exec-10" daemon [_thread_blocked, id=16432, stack(0x0000005562900000,0x0000005562a00000)]
  0x0000018da239e000 JavaThread "http-nio-8081-ClientPoller" daemon [_thread_in_native, id=4788, stack(0x0000005562a00000,0x0000005562b00000)]
  0x0000018da2398800 JavaThread "http-nio-8081-Acceptor" daemon [_thread_in_native, id=3232, stack(0x0000005562b00000,0x0000005562c00000)]
  0x0000018da239f000 JavaThread "DestroyJavaVM" [_thread_blocked, id=15244, stack(0x000000555f100000,0x000000555f200000)]

Other Threads:
  0x0000018dffeb1800 VMThread "VM Thread" [stack: 0x000000555f700000,0x000000555f800000] [id=22028]
  0x0000018d9e1fe800 WatcherThread [stack: 0x0000005560200000,0x0000005560300000] [id=14748]
  0x0000018dfc4d6000 GCTaskThread "GC Thread#0" [stack: 0x000000555f200000,0x000000555f300000] [id=17084]
  0x0000018d9e68e000 GCTaskThread "GC Thread#1" [stack: 0x0000005560300000,0x0000005560400000] [id=22176]
  0x0000018d9e61e800 GCTaskThread "GC Thread#2" [stack: 0x0000005560400000,0x0000005560500000] [id=6944]
  0x0000018d9e60d800 GCTaskThread "GC Thread#3" [stack: 0x0000005560b00000,0x0000005560c00000] [id=21248]
  0x0000018d9e60e800 GCTaskThread "GC Thread#4" [stack: 0x0000005560c00000,0x0000005560d00000] [id=14844]
  0x0000018d9e60f000 GCTaskThread "GC Thread#5" [stack: 0x0000005560d00000,0x0000005560e00000] [id=18784]
  0x0000018d9e610000 GCTaskThread "GC Thread#6" [stack: 0x0000005560e00000,0x0000005560f00000] [id=5000]
  0x0000018d9f1fe800 GCTaskThread "GC Thread#7" [stack: 0x0000005560f00000,0x0000005561000000] [id=4240]
  0x0000018dfc505800 ConcurrentGCThread "G1 Main Marker" [stack: 0x000000555f300000,0x000000555f400000] [id=3324]
  0x0000018dfc507000 ConcurrentGCThread "G1 Conc#0" [stack: 0x000000555f400000,0x000000555f500000] [id=8604]
  0x0000018d9f3ff000 ConcurrentGCThread "G1 Conc#1" [stack: 0x0000005561000000,0x0000005561100000] [id=21420]
  0x0000018dffd1a800 ConcurrentGCThread "G1 Refine#0" [stack: 0x000000555f500000,0x000000555f600000] [id=2860]
  0x0000018d9df31800 ConcurrentGCThread "G1 Refine#1" [stack: 0x0000005560500000,0x0000005560600000] [id=10752]
  0x0000018dffd1b800 ConcurrentGCThread "G1 Young RemSet Sampling" [stack: 0x000000555f600000,0x000000555f700000] [id=19180]

Threads with active compile tasks:

VM state:synchronizing (normal execution)

VM Mutex/Monitor currently owned by a thread:  ([mutex/lock_event])
[0x0000018dfc4b9740] Threads_lock - owner thread: 0x0000018dffeb1800
[0x0000018dfc4b88a0] Heap_lock - owner thread: 0x0000018da20da800

Heap address: 0x0000000081400000, size: 2028 MB, Compressed Oops mode: 32-bit
Narrow klass base: 0x0000000000000000, Narrow klass shift: 3
Compressed class space size: 1073741824 Address: 0x0000000100000000

Heap:
 garbage-first heap   total 1372160K, used 29035K [0x0000000081400000, 0x0000000100000000)
  region size 1024K, 9 young (9216K), 8 survivors (8192K)
 Metaspace       used 65910K, capacity 67763K, committed 67992K, reserved 1107968K
  class space    used 8394K, capacity 9092K, committed 9196K, reserved 1048576K
Heap Regions: E=young(eden), S=young(survivor), O=old, HS=humongous(starts), HC=humongous(continues), CS=collection set, F=free, A=archive, TAMS=top-at-mark-start (previous, next)
|   0|0x0000000081400000, 0x0000000081500000, 0x0000000081500000|100%|HS|  |TAMS 0x0000000081500000, 0x0000000081500000| Complete 
|   1|0x0000000081500000, 0x0000000081600000, 0x0000000081600000|100%| O|  |TAMS 0x0000000081600000, 0x0000000081600000| Untracked 
|   2|0x0000000081600000, 0x0000000081700000, 0x0000000081700000|100%| O|  |TAMS 0x0000000081700000, 0x0000000081700000| Untracked 
|   3|0x0000000081700000, 0x0000000081800000, 0x0000000081800000|100%| O|  |TAMS 0x0000000081800000, 0x0000000081800000| Untracked 
|   4|0x0000000081800000, 0x0000000081900000, 0x0000000081900000|100%| O|  |TAMS 0x0000000081900000, 0x0000000081900000| Untracked 
|   5|0x0000000081900000, 0x0000000081a00000, 0x0000000081a00000|100%| O|  |TAMS 0x0000000081a00000, 0x0000000081a00000| Untracked 
|   6|0x0000000081a00000, 0x0000000081b00000, 0x0000000081b00000|100%| O|  |TAMS 0x0000000081b00000, 0x0000000081b00000| Untracked 
|   7|0x0000000081b00000, 0x0000000081c00000, 0x0000000081c00000|100%| O|  |TAMS 0x0000000081c00000, 0x0000000081c00000| Untracked 
|   8|0x0000000081c00000, 0x0000000081d00000, 0x0000000081d00000|100%| O|  |TAMS 0x0000000081d00000, 0x0000000081d00000| Untracked 
|   9|0x0000000081d00000, 0x0000000081e00000, 0x0000000081e00000|100%| O|  |TAMS 0x0000000081e00000, 0x0000000081e00000| Untracked 
|  10|0x0000000081e00000, 0x0000000081f00000, 0x0000000081f00000|100%| O|  |TAMS 0x0000000081f00000, 0x0000000081f00000| Untracked 
|  11|0x0000000081f00000, 0x0000000082000000, 0x0000000082000000|100%| O|  |TAMS 0x0000000082000000, 0x0000000082000000| Untracked 
|  12|0x0000000082000000, 0x0000000082100000, 0x0000000082100000|100%| O|  |TAMS 0x0000000082100000, 0x0000000082100000| Untracked 
|  13|0x0000000082100000, 0x0000000082200000, 0x0000000082200000|100%| O|  |TAMS 0x0000000082200000, 0x0000000082200000| Untracked 
|  14|0x0000000082200000, 0x0000000082300000, 0x0000000082300000|100%| O|  |TAMS 0x0000000082300000, 0x0000000082300000| Untracked 
|  15|0x0000000082300000, 0x0000000082400000, 0x0000000082400000|100%| O|  |TAMS 0x0000000082400000, 0x0000000082400000| Untracked 
|  16|0x0000000082400000, 0x0000000082500000, 0x0000000082500000|100%| O|  |TAMS 0x0000000082500000, 0x0000000082500000| Untracked 
|  17|0x0000000082500000, 0x0000000082600000, 0x0000000082600000|100%| O|  |TAMS 0x0000000082600000, 0x0000000082600000| Untracked 
|  18|0x0000000082600000, 0x0000000082700000, 0x0000000082700000|100%| O|  |TAMS 0x0000000082700000, 0x0000000082700000| Untracked 
|  19|0x0000000082700000, 0x0000000082800000, 0x0000000082800000|100%| O|  |TAMS 0x0000000082800000, 0x0000000082800000| Untracked 
|  20|0x0000000082800000, 0x00000000828e6600, 0x0000000082900000| 89%| O|  |TAMS 0x00000000828e6600, 0x00000000828e6600| Untracked 
|  21|0x0000000082900000, 0x0000000082900000, 0x0000000082a00000|  0%| F|  |TAMS 0x0000000082900000, 0x0000000082900000| Untracked 
|  22|0x0000000082a00000, 0x0000000082a00000, 0x0000000082b00000|  0%| F|  |TAMS 0x0000000082a00000, 0x0000000082a00000| Untracked 
|  23|0x0000000082b00000, 0x0000000082b00000, 0x0000000082c00000|  0%| F|  |TAMS 0x0000000082b00000, 0x0000000082b00000| Untracked 
|  24|0x0000000082c00000, 0x0000000082c00000, 0x0000000082d00000|  0%| F|  |TAMS 0x0000000082c00000, 0x0000000082c00000| Untracked 
|  25|0x0000000082d00000, 0x0000000082d00000, 0x0000000082e00000|  0%| F|  |TAMS 0x0000000082d00000, 0x0000000082d00000| Untracked 
|  26|0x0000000082e00000, 0x0000000082e00000, 0x0000000082f00000|  0%| F|  |TAMS 0x0000000082e00000, 0x0000000082e00000| Untracked 
|  27|0x0000000082f00000, 0x0000000082f00000, 0x0000000083000000|  0%| F|  |TAMS 0x0000000082f00000, 0x0000000082f00000| Untracked 
|  28|0x0000000083000000, 0x0000000083000000, 0x0000000083100000|  0%| F|  |TAMS 0x0000000083000000, 0x0000000083000000| Untracked 
|  29|0x0000000083100000, 0x0000000083100000, 0x0000000083200000|  0%| F|  |TAMS 0x0000000083100000, 0x0000000083100000| Untracked 
|  30|0x0000000083200000, 0x0000000083200000, 0x0000000083300000|  0%| F|  |TAMS 0x0000000083200000, 0x0000000083200000| Untracked 
|  31|0x0000000083300000, 0x0000000083300000, 0x0000000083400000|  0%| F|  |TAMS 0x0000000083300000, 0x0000000083300000| Untracked 
|  32|0x0000000083400000, 0x0000000083400000, 0x0000000083500000|  0%| F|  |TAMS 0x0000000083400000, 0x0000000083400000| Untracked 
|  33|0x0000000083500000, 0x0000000083500000, 0x0000000083600000|  0%| F|  |TAMS 0x0000000083500000, 0x0000000083500000| Untracked 
|  34|0x0000000083600000, 0x0000000083600000, 0x0000000083700000|  0%| F|  |TAMS 0x0000000083600000, 0x0000000083600000| Untracked 
|  35|0x0000000083700000, 0x0000000083700000, 0x0000000083800000|  0%| F|  |TAMS 0x0000000083700000, 0x0000000083700000| Untracked 
|  36|0x0000000083800000, 0x0000000083800000, 0x0000000083900000|  0%| F|  |TAMS 0x0000000083800000, 0x0000000083800000| Untracked 
|  37|0x0000000083900000, 0x0000000083900000, 0x0000000083a00000|  0%| F|  |TAMS 0x0000000083900000, 0x0000000083900000| Untracked 
|  38|0x0000000083a00000, 0x0000000083a00000, 0x0000000083b00000|  0%| F|  |TAMS 0x0000000083a00000, 0x0000000083a00000| Untracked 
|  39|0x0000000083b00000, 0x0000000083b00000, 0x0000000083c00000|  0%| F|  |TAMS 0x0000000083b00000, 0x0000000083b00000| Untracked 
|  40|0x0000000083c00000, 0x0000000083c00000, 0x0000000083d00000|  0%| F|  |TAMS 0x0000000083c00000, 0x0000000083c00000| Untracked 
|  41|0x0000000083d00000, 0x0000000083d00000, 0x0000000083e00000|  0%| F|  |TAMS 0x0000000083d00000, 0x0000000083d00000| Untracked 
|  42|0x0000000083e00000, 0x0000000083e00000, 0x0000000083f00000|  0%| F|  |TAMS 0x0000000083e00000, 0x0000000083e00000| Untracked 
|  43|0x0000000083f00000, 0x0000000083f00000, 0x0000000084000000|  0%| F|  |TAMS 0x0000000083f00000, 0x0000000083f00000| Untracked 
|  44|0x0000000084000000, 0x0000000084000000, 0x0000000084100000|  0%| F|  |TAMS 0x0000000084000000, 0x0000000084000000| Untracked 
|  45|0x0000000084100000, 0x0000000084100000, 0x0000000084200000|  0%| F|  |TAMS 0x0000000084100000, 0x0000000084100000| Untracked 
|  46|0x0000000084200000, 0x0000000084200000, 0x0000000084300000|  0%| F|  |TAMS 0x0000000084200000, 0x0000000084200000| Untracked 
|  47|0x0000000084300000, 0x0000000084300000, 0x0000000084400000|  0%| F|  |TAMS 0x0000000084300000, 0x0000000084300000| Untracked 
|  48|0x0000000084400000, 0x0000000084400000, 0x0000000084500000|  0%| F|  |TAMS 0x0000000084400000, 0x0000000084400000| Untracked 
|  49|0x0000000084500000, 0x0000000084500000, 0x0000000084600000|  0%| F|  |TAMS 0x0000000084500000, 0x0000000084500000| Untracked 
|  50|0x0000000084600000, 0x0000000084600000, 0x0000000084700000|  0%| F|  |TAMS 0x0000000084600000, 0x0000000084600000| Untracked 
|  51|0x0000000084700000, 0x0000000084700000, 0x0000000084800000|  0%| F|  |TAMS 0x0000000084700000, 0x0000000084700000| Untracked 
|  52|0x0000000084800000, 0x0000000084800000, 0x0000000084900000|  0%| F|  |TAMS 0x0000000084800000, 0x0000000084800000| Untracked 
|  53|0x0000000084900000, 0x0000000084900000, 0x0000000084a00000|  0%| F|  |TAMS 0x0000000084900000, 0x0000000084900000| Untracked 
|  54|0x0000000084a00000, 0x0000000084a00000, 0x0000000084b00000|  0%| F|  |TAMS 0x0000000084a00000, 0x0000000084a00000| Untracked 
|  55|0x0000000084b00000, 0x0000000084b00000, 0x0000000084c00000|  0%| F|  |TAMS 0x0000000084b00000, 0x0000000084b00000| Untracked 
|  56|0x0000000084c00000, 0x0000000084c00000, 0x0000000084d00000|  0%| F|  |TAMS 0x0000000084c00000, 0x0000000084c00000| Untracked 
|  57|0x0000000084d00000, 0x0000000084d00000, 0x0000000084e00000|  0%| F|  |TAMS 0x0000000084d00000, 0x0000000084d00000| Untracked 
|  58|0x0000000084e00000, 0x0000000084e00000, 0x0000000084f00000|  0%| F|  |TAMS 0x0000000084e00000, 0x0000000084e00000| Untracked 
|  59|0x0000000084f00000, 0x0000000084f00000, 0x0000000085000000|  0%| F|  |TAMS 0x0000000084f00000, 0x0000000084f00000| Untracked 
|  60|0x0000000085000000, 0x0000000085000000, 0x0000000085100000|  0%| F|  |TAMS 0x0000000085000000, 0x0000000085000000| Untracked 
|  61|0x0000000085100000, 0x0000000085100000, 0x0000000085200000|  0%| F|  |TAMS 0x0000000085100000, 0x0000000085100000| Untracked 
|  62|0x0000000085200000, 0x0000000085200000, 0x0000000085300000|  0%| F|  |TAMS 0x0000000085200000, 0x0000000085200000| Untracked 
|  63|0x0000000085300000, 0x0000000085300000, 0x0000000085400000|  0%| F|  |TAMS 0x0000000085300000, 0x0000000085300000| Untracked 
|  64|0x0000000085400000, 0x0000000085400000, 0x0000000085500000|  0%| F|  |TAMS 0x0000000085400000, 0x0000000085400000| Untracked 
|  65|0x0000000085500000, 0x0000000085500000, 0x0000000085600000|  0%| F|  |TAMS 0x0000000085500000, 0x0000000085500000| Untracked 
|  66|0x0000000085600000, 0x0000000085600000, 0x0000000085700000|  0%| F|  |TAMS 0x0000000085600000, 0x0000000085600000| Untracked 
|  67|0x0000000085700000, 0x0000000085700000, 0x0000000085800000|  0%| F|  |TAMS 0x0000000085700000, 0x0000000085700000| Untracked 
|  68|0x0000000085800000, 0x0000000085800000, 0x0000000085900000|  0%| F|  |TAMS 0x0000000085800000, 0x0000000085800000| Untracked 
|  69|0x0000000085900000, 0x0000000085900000, 0x0000000085a00000|  0%| F|  |TAMS 0x0000000085900000, 0x0000000085900000| Untracked 
|  70|0x0000000085a00000, 0x0000000085a00000, 0x0000000085b00000|  0%| F|  |TAMS 0x0000000085a00000, 0x0000000085a00000| Untracked 
|  71|0x0000000085b00000, 0x0000000085b00000, 0x0000000085c00000|  0%| F|  |TAMS 0x0000000085b00000, 0x0000000085b00000| Untracked 
|  72|0x0000000085c00000, 0x0000000085c00000, 0x0000000085d00000|  0%| F|  |TAMS 0x0000000085c00000, 0x0000000085c00000| Untracked 
|  73|0x0000000085d00000, 0x0000000085d00000, 0x0000000085e00000|  0%| F|  |TAMS 0x0000000085d00000, 0x0000000085d00000| Untracked 
|  74|0x0000000085e00000, 0x0000000085e00000, 0x0000000085f00000|  0%| F|  |TAMS 0x0000000085e00000, 0x0000000085e00000| Untracked 
|  75|0x0000000085f00000, 0x0000000085f00000, 0x0000000086000000|  0%| F|  |TAMS 0x0000000085f00000, 0x0000000085f00000| Untracked 
|  76|0x0000000086000000, 0x0000000086000000, 0x0000000086100000|  0%| F|  |TAMS 0x0000000086000000, 0x0000000086000000| Untracked 
|  77|0x0000000086100000, 0x0000000086100000, 0x0000000086200000|  0%| F|  |TAMS 0x0000000086100000, 0x0000000086100000| Untracked 
|  78|0x0000000086200000, 0x0000000086200000, 0x0000000086300000|  0%| F|  |TAMS 0x0000000086200000, 0x0000000086200000| Untracked 
|  79|0x0000000086300000, 0x0000000086300000, 0x0000000086400000|  0%| F|  |TAMS 0x0000000086300000, 0x0000000086300000| Untracked 
|  80|0x0000000086400000, 0x0000000086400000, 0x0000000086500000|  0%| F|  |TAMS 0x0000000086400000, 0x0000000086400000| Untracked 
|  81|0x0000000086500000, 0x0000000086500000, 0x0000000086600000|  0%| F|  |TAMS 0x0000000086500000, 0x0000000086500000| Untracked 
|  82|0x0000000086600000, 0x0000000086600000, 0x0000000086700000|  0%| F|  |TAMS 0x0000000086600000, 0x0000000086600000| Untracked 
|  83|0x0000000086700000, 0x0000000086700000, 0x0000000086800000|  0%| F|  |TAMS 0x0000000086700000, 0x0000000086700000| Untracked 
|  84|0x0000000086800000, 0x0000000086800000, 0x0000000086900000|  0%| F|  |TAMS 0x0000000086800000, 0x0000000086800000| Untracked 
|  85|0x0000000086900000, 0x0000000086900000, 0x0000000086a00000|  0%| F|  |TAMS 0x0000000086900000, 0x0000000086900000| Untracked 
|  86|0x0000000086a00000, 0x0000000086a00000, 0x0000000086b00000|  0%| F|  |TAMS 0x0000000086a00000, 0x0000000086a00000| Untracked 
|  87|0x0000000086b00000, 0x0000000086b00000, 0x0000000086c00000|  0%| F|  |TAMS 0x0000000086b00000, 0x0000000086b00000| Untracked 
|  88|0x0000000086c00000, 0x0000000086c00000, 0x0000000086d00000|  0%| F|  |TAMS 0x0000000086c00000, 0x0000000086c00000| Untracked 
|  89|0x0000000086d00000, 0x0000000086d00000, 0x0000000086e00000|  0%| F|  |TAMS 0x0000000086d00000, 0x0000000086d00000| Untracked 
|  90|0x0000000086e00000, 0x0000000086e00000, 0x0000000086f00000|  0%| F|  |TAMS 0x0000000086e00000, 0x0000000086e00000| Untracked 
|  91|0x0000000086f00000, 0x0000000086f00000, 0x0000000087000000|  0%| F|  |TAMS 0x0000000086f00000, 0x0000000086f00000| Untracked 
|  92|0x0000000087000000, 0x0000000087000000, 0x0000000087100000|  0%| F|  |TAMS 0x0000000087000000, 0x0000000087000000| Untracked 
|  93|0x0000000087100000, 0x0000000087100000, 0x0000000087200000|  0%| F|  |TAMS 0x0000000087100000, 0x0000000087100000| Untracked 
|  94|0x0000000087200000, 0x0000000087200000, 0x0000000087300000|  0%| F|  |TAMS 0x0000000087200000, 0x0000000087200000| Untracked 
|  95|0x0000000087300000, 0x0000000087300000, 0x0000000087400000|  0%| F|  |TAMS 0x0000000087300000, 0x0000000087300000| Untracked 
|  96|0x0000000087400000, 0x0000000087400000, 0x0000000087500000|  0%| F|  |TAMS 0x0000000087400000, 0x0000000087400000| Untracked 
|  97|0x0000000087500000, 0x0000000087500000, 0x0000000087600000|  0%| F|  |TAMS 0x0000000087500000, 0x0000000087500000| Untracked 
|  98|0x0000000087600000, 0x0000000087600000, 0x0000000087700000|  0%| F|  |TAMS 0x0000000087600000, 0x0000000087600000| Untracked 
|  99|0x0000000087700000, 0x0000000087700000, 0x0000000087800000|  0%| F|  |TAMS 0x0000000087700000, 0x0000000087700000| Untracked 
| 100|0x0000000087800000, 0x0000000087800000, 0x0000000087900000|  0%| F|  |TAMS 0x0000000087800000, 0x0000000087800000| Untracked 
| 101|0x0000000087900000, 0x0000000087900000, 0x0000000087a00000|  0%| F|  |TAMS 0x0000000087900000, 0x0000000087900000| Untracked 
| 102|0x0000000087a00000, 0x0000000087a00000, 0x0000000087b00000|  0%| F|  |TAMS 0x0000000087a00000, 0x0000000087a00000| Untracked 
| 103|0x0000000087b00000, 0x0000000087b00000, 0x0000000087c00000|  0%| F|  |TAMS 0x0000000087b00000, 0x0000000087b00000| Untracked 
| 104|0x0000000087c00000, 0x0000000087c00000, 0x0000000087d00000|  0%| F|  |TAMS 0x0000000087c00000, 0x0000000087c00000| Untracked 
| 105|0x0000000087d00000, 0x0000000087d00000, 0x0000000087e00000|  0%| F|  |TAMS 0x0000000087d00000, 0x0000000087d00000| Untracked 
| 106|0x0000000087e00000, 0x0000000087e00000, 0x0000000087f00000|  0%| F|  |TAMS 0x0000000087e00000, 0x0000000087e00000| Untracked 
| 107|0x0000000087f00000, 0x0000000087f00000, 0x0000000088000000|  0%| F|  |TAMS 0x0000000087f00000, 0x0000000087f00000| Untracked 
| 108|0x0000000088000000, 0x0000000088000000, 0x0000000088100000|  0%| F|  |TAMS 0x0000000088000000, 0x0000000088000000| Untracked 
| 109|0x0000000088100000, 0x0000000088174658, 0x0000000088200000| 45%| S|CS|TAMS 0x0000000088100000, 0x0000000088100000| Complete 
| 110|0x0000000088200000, 0x0000000088300000, 0x0000000088300000|100%| S|CS|TAMS 0x0000000088200000, 0x0000000088200000| Complete 
| 111|0x0000000088300000, 0x0000000088400000, 0x0000000088400000|100%| S|CS|TAMS 0x0000000088300000, 0x0000000088300000| Complete 
| 112|0x0000000088400000, 0x0000000088500000, 0x0000000088500000|100%| S|CS|TAMS 0x0000000088400000, 0x0000000088400000| Complete 
| 113|0x0000000088500000, 0x0000000088600000, 0x0000000088600000|100%| S|CS|TAMS 0x0000000088500000, 0x0000000088500000| Complete 
| 114|0x0000000088600000, 0x0000000088700000, 0x0000000088700000|100%| S|CS|TAMS 0x0000000088600000, 0x0000000088600000| Complete 
| 115|0x0000000088700000, 0x0000000088800000, 0x0000000088800000|100%| S|CS|TAMS 0x0000000088700000, 0x0000000088700000| Complete 
| 116|0x0000000088800000, 0x0000000088900000, 0x0000000088900000|100%| S|CS|TAMS 0x0000000088800000, 0x0000000088800000| Complete 
| 117|0x0000000088900000, 0x0000000088900000, 0x0000000088a00000|  0%| F|  |TAMS 0x0000000088900000, 0x0000000088900000| Untracked 
| 118|0x0000000088a00000, 0x0000000088a00000, 0x0000000088b00000|  0%| F|  |TAMS 0x0000000088a00000, 0x0000000088a00000| Untracked 
| 119|0x0000000088b00000, 0x0000000088b00000, 0x0000000088c00000|  0%| F|  |TAMS 0x0000000088b00000, 0x0000000088b00000| Untracked 
| 120|0x0000000088c00000, 0x0000000088c00000, 0x0000000088d00000|  0%| F|  |TAMS 0x0000000088c00000, 0x0000000088c00000| Untracked 
| 121|0x0000000088d00000, 0x0000000088d00000, 0x0000000088e00000|  0%| F|  |TAMS 0x0000000088d00000, 0x0000000088d00000| Untracked 
| 122|0x0000000088e00000, 0x0000000088e00000, 0x0000000088f00000|  0%| F|  |TAMS 0x0000000088e00000, 0x0000000088e00000| Untracked 
| 123|0x0000000088f00000, 0x0000000088f00000, 0x0000000089000000|  0%| F|  |TAMS 0x0000000088f00000, 0x0000000088f00000| Untracked 
| 124|0x0000000089000000, 0x0000000089000000, 0x0000000089100000|  0%| F|  |TAMS 0x0000000089000000, 0x0000000089000000| Untracked 
| 125|0x0000000089100000, 0x0000000089100000, 0x0000000089200000|  0%| F|  |TAMS 0x0000000089100000, 0x0000000089100000| Untracked 
| 126|0x0000000089200000, 0x0000000089200000, 0x0000000089300000|  0%| F|  |TAMS 0x0000000089200000, 0x0000000089200000| Untracked 
| 127|0x0000000089300000, 0x0000000089300000, 0x0000000089400000|  0%| F|  |TAMS 0x0000000089300000, 0x0000000089300000| Untracked 
| 128|0x0000000089400000, 0x0000000089400000, 0x0000000089500000|  0%| F|  |TAMS 0x0000000089400000, 0x0000000089400000| Untracked 
| 129|0x0000000089500000, 0x0000000089500000, 0x0000000089600000|  0%| F|  |TAMS 0x0000000089500000, 0x0000000089500000| Untracked 
| 130|0x0000000089600000, 0x0000000089600000, 0x0000000089700000|  0%| F|  |TAMS 0x0000000089600000, 0x0000000089600000| Untracked 
| 131|0x0000000089700000, 0x0000000089700000, 0x0000000089800000|  0%| F|  |TAMS 0x0000000089700000, 0x0000000089700000| Untracked 
| 132|0x0000000089800000, 0x0000000089800000, 0x0000000089900000|  0%| F|  |TAMS 0x0000000089800000, 0x0000000089800000| Untracked 
| 133|0x0000000089900000, 0x0000000089900000, 0x0000000089a00000|  0%| F|  |TAMS 0x0000000089900000, 0x0000000089900000| Untracked 
| 134|0x0000000089a00000, 0x0000000089a00000, 0x0000000089b00000|  0%| F|  |TAMS 0x0000000089a00000, 0x0000000089a00000| Untracked 
| 135|0x0000000089b00000, 0x0000000089b00000, 0x0000000089c00000|  0%| F|  |TAMS 0x0000000089b00000, 0x0000000089b00000| Untracked 
| 136|0x0000000089c00000, 0x0000000089c00000, 0x0000000089d00000|  0%| F|  |TAMS 0x0000000089c00000, 0x0000000089c00000| Untracked 
| 137|0x0000000089d00000, 0x0000000089d00000, 0x0000000089e00000|  0%| F|  |TAMS 0x0000000089d00000, 0x0000000089d00000| Untracked 
| 138|0x0000000089e00000, 0x0000000089e00000, 0x0000000089f00000|  0%| F|  |TAMS 0x0000000089e00000, 0x0000000089e00000| Untracked 
| 139|0x0000000089f00000, 0x0000000089f00000, 0x000000008a000000|  0%| F|  |TAMS 0x0000000089f00000, 0x0000000089f00000| Untracked 
| 140|0x000000008a000000, 0x000000008a000000, 0x000000008a100000|  0%| F|  |TAMS 0x000000008a000000, 0x000000008a000000| Untracked 
| 141|0x000000008a100000, 0x000000008a100000, 0x000000008a200000|  0%| F|  |TAMS 0x000000008a100000, 0x000000008a100000| Untracked 
| 142|0x000000008a200000, 0x000000008a200000, 0x000000008a300000|  0%| F|  |TAMS 0x000000008a200000, 0x000000008a200000| Untracked 
| 143|0x000000008a300000, 0x000000008a300000, 0x000000008a400000|  0%| F|  |TAMS 0x000000008a300000, 0x000000008a300000| Untracked 
| 144|0x000000008a400000, 0x000000008a400000, 0x000000008a500000|  0%| F|  |TAMS 0x000000008a400000, 0x000000008a400000| Untracked 
| 145|0x000000008a500000, 0x000000008a500000, 0x000000008a600000|  0%| F|  |TAMS 0x000000008a500000, 0x000000008a500000| Untracked 
| 146|0x000000008a600000, 0x000000008a600000, 0x000000008a700000|  0%| F|  |TAMS 0x000000008a600000, 0x000000008a600000| Untracked 
| 147|0x000000008a700000, 0x000000008a700000, 0x000000008a800000|  0%| F|  |TAMS 0x000000008a700000, 0x000000008a700000| Untracked 
| 148|0x000000008a800000, 0x000000008a800000, 0x000000008a900000|  0%| F|  |TAMS 0x000000008a800000, 0x000000008a800000| Untracked 
| 149|0x000000008a900000, 0x000000008a900000, 0x000000008aa00000|  0%| F|  |TAMS 0x000000008a900000, 0x000000008a900000| Untracked 
| 150|0x000000008aa00000, 0x000000008aa00000, 0x000000008ab00000|  0%| F|  |TAMS 0x000000008aa00000, 0x000000008aa00000| Untracked 
| 151|0x000000008ab00000, 0x000000008ab00000, 0x000000008ac00000|  0%| F|  |TAMS 0x000000008ab00000, 0x000000008ab00000| Untracked 
| 152|0x000000008ac00000, 0x000000008ac00000, 0x000000008ad00000|  0%| F|  |TAMS 0x000000008ac00000, 0x000000008ac00000| Untracked 
| 153|0x000000008ad00000, 0x000000008ad00000, 0x000000008ae00000|  0%| F|  |TAMS 0x000000008ad00000, 0x000000008ad00000| Untracked 
| 154|0x000000008ae00000, 0x000000008ae00000, 0x000000008af00000|  0%| F|  |TAMS 0x000000008ae00000, 0x000000008ae00000| Untracked 
| 155|0x000000008af00000, 0x000000008af00000, 0x000000008b000000|  0%| F|  |TAMS 0x000000008af00000, 0x000000008af00000| Untracked 
| 156|0x000000008b000000, 0x000000008b000000, 0x000000008b100000|  0%| F|  |TAMS 0x000000008b000000, 0x000000008b000000| Untracked 
| 157|0x000000008b100000, 0x000000008b100000, 0x000000008b200000|  0%| F|  |TAMS 0x000000008b100000, 0x000000008b100000| Untracked 
| 158|0x000000008b200000, 0x000000008b200000, 0x000000008b300000|  0%| F|  |TAMS 0x000000008b200000, 0x000000008b200000| Untracked 
| 159|0x000000008b300000, 0x000000008b300000, 0x000000008b400000|  0%| F|  |TAMS 0x000000008b300000, 0x000000008b300000| Untracked 
| 160|0x000000008b400000, 0x000000008b400000, 0x000000008b500000|  0%| F|  |TAMS 0x000000008b400000, 0x000000008b400000| Untracked 
| 161|0x000000008b500000, 0x000000008b500000, 0x000000008b600000|  0%| F|  |TAMS 0x000000008b500000, 0x000000008b500000| Untracked 
| 162|0x000000008b600000, 0x000000008b600000, 0x000000008b700000|  0%| F|  |TAMS 0x000000008b600000, 0x000000008b600000| Untracked 
| 163|0x000000008b700000, 0x000000008b700000, 0x000000008b800000|  0%| F|  |TAMS 0x000000008b700000, 0x000000008b700000| Untracked 
| 164|0x000000008b800000, 0x000000008b800000, 0x000000008b900000|  0%| F|  |TAMS 0x000000008b800000, 0x000000008b800000| Untracked 
| 165|0x000000008b900000, 0x000000008b900000, 0x000000008ba00000|  0%| F|  |TAMS 0x000000008b900000, 0x000000008b900000| Untracked 
| 166|0x000000008ba00000, 0x000000008ba00000, 0x000000008bb00000|  0%| F|  |TAMS 0x000000008ba00000, 0x000000008ba00000| Untracked 
| 167|0x000000008bb00000, 0x000000008bb00000, 0x000000008bc00000|  0%| F|  |TAMS 0x000000008bb00000, 0x000000008bb00000| Untracked 
| 168|0x000000008bc00000, 0x000000008bc00000, 0x000000008bd00000|  0%| F|  |TAMS 0x000000008bc00000, 0x000000008bc00000| Untracked 
| 169|0x000000008bd00000, 0x000000008bd00000, 0x000000008be00000|  0%| F|  |TAMS 0x000000008bd00000, 0x000000008bd00000| Untracked 
| 170|0x000000008be00000, 0x000000008be00000, 0x000000008bf00000|  0%| F|  |TAMS 0x000000008be00000, 0x000000008be00000| Untracked 
| 171|0x000000008bf00000, 0x000000008bf00000, 0x000000008c000000|  0%| F|  |TAMS 0x000000008bf00000, 0x000000008bf00000| Untracked 
| 172|0x000000008c000000, 0x000000008c000000, 0x000000008c100000|  0%| F|  |TAMS 0x000000008c000000, 0x000000008c000000| Untracked 
| 173|0x000000008c100000, 0x000000008c100000, 0x000000008c200000|  0%| F|  |TAMS 0x000000008c100000, 0x000000008c100000| Untracked 
| 174|0x000000008c200000, 0x000000008c200000, 0x000000008c300000|  0%| F|  |TAMS 0x000000008c200000, 0x000000008c200000| Untracked 
| 175|0x000000008c300000, 0x000000008c300000, 0x000000008c400000|  0%| F|  |TAMS 0x000000008c300000, 0x000000008c300000| Untracked 
| 176|0x000000008c400000, 0x000000008c400000, 0x000000008c500000|  0%| F|  |TAMS 0x000000008c400000, 0x000000008c400000| Untracked 
| 177|0x000000008c500000, 0x000000008c500000, 0x000000008c600000|  0%| F|  |TAMS 0x000000008c500000, 0x000000008c500000| Untracked 
| 178|0x000000008c600000, 0x000000008c600000, 0x000000008c700000|  0%| F|  |TAMS 0x000000008c600000, 0x000000008c600000| Untracked 
| 179|0x000000008c700000, 0x000000008c700000, 0x000000008c800000|  0%| F|  |TAMS 0x000000008c700000, 0x000000008c700000| Untracked 
| 180|0x000000008c800000, 0x000000008c800000, 0x000000008c900000|  0%| F|  |TAMS 0x000000008c800000, 0x000000008c800000| Untracked 
| 181|0x000000008c900000, 0x000000008c93bf20, 0x000000008ca00000| 23%| E|  |TAMS 0x000000008c900000, 0x000000008c900000| Complete 

Card table byte_map: [0x0000018dfebe0000,0x0000018dfefe0000] _byte_map_base: 0x0000018dfe7d6000

Marking Bits (Prev, Next): (CMBitMap*) 0x0000018dfc4fcac0, (CMBitMap*) 0x0000018dfc4fca88
 Prev Bits: [0x0000018d992e0000, 0x0000018d9b290000)
 Next Bits: [0x0000018d97330000, 0x0000018d992e0000)

Polling page: 0x0000018dfc580000

Metaspace:

Usage:
  Non-class:     57.30 MB capacity,    56.17 MB ( 98%) used,   939.20 KB (  2%) free+waste,   215.44 KB ( <1%) overhead. 
      Class:      8.88 MB capacity,     8.20 MB ( 92%) used,   594.16 KB (  7%) free+waste,   103.38 KB (  1%) overhead. 
       Both:     66.17 MB capacity,    64.37 MB ( 97%) used,     1.50 MB (  2%) free+waste,   318.81 KB ( <1%) overhead. 

Virtual space:
  Non-class space:       58.00 MB reserved,      57.42 MB ( 99%) committed 
      Class space:        1.00 GB reserved,       8.98 MB ( <1%) committed 
             Both:        1.06 GB reserved,      66.40 MB (  6%) committed 

Chunk freelists:
   Non-Class:  7.63 KB
       Class:  0 bytes
        Both:  7.63 KB

CodeHeap 'non-profiled nmethods': size=238336Kb used=9213Kb max_used=9213Kb free=229122Kb
 bounds [0x0000018d88a70000, 0x0000018d89370000, 0x0000018d97330000]
CodeHeap 'non-nmethods': size=7424Kb used=1289Kb max_used=1289Kb free=6134Kb
 bounds [0x0000018d88330000, 0x0000018d885a0000, 0x0000018d88a70000]
 total_blobs=6255 nmethods=5543 adapters=605
 compilation: enabled
              stopped_count=0, restarted_count=0
 full_count=0

Compilation events (10 events):
Event: 8.674 Thread 0x0000018d9dae1000 5556       1       java.lang.StringUTF16::putChar (54 bytes)
Event: 8.674 Thread 0x0000018d9dae1000 nmethod 5556 0x0000018d8936e410 code [0x0000018d8936e5a0, 0x0000018d8936e6f8]
Event: 8.677 Thread 0x0000018d9dae1000 5557       1       java.lang.StringUTF16::length (5 bytes)
Event: 8.678 Thread 0x0000018d9dae1000 nmethod 5557 0x0000018d8936e810 code [0x0000018d8936e9a0, 0x0000018d8936ea98]
Event: 8.678 Thread 0x0000018d9dae1000 5558       1       java.lang.StringUTF16::charAt (11 bytes)
Event: 8.678 Thread 0x0000018d9dae1000 nmethod 5558 0x0000018d8936eb10 code [0x0000018d8936ecc0, 0x0000018d8936ee10]
Event: 8.678 Thread 0x0000018d9dae1000 5559       1       java.lang.StringUTF16::checkIndex (9 bytes)
Event: 8.678 Thread 0x0000018d9dae1000 nmethod 5559 0x0000018d8936ef10 code [0x0000018d8936f0c0, 0x0000018d8936f1f0]
Event: 8.678 Thread 0x0000018d9dae1000 5560       1       java.nio.HeapCharBuffer::put (16 bytes)
Event: 8.678 Thread 0x0000018d9dae1000 nmethod 5560 0x0000018d8936f290 code [0x0000018d8936f440, 0x0000018d8936f610]

GC Heap History (10 events):
Event: 5.225 GC heap before
{Heap before GC invocations=8 (full 0):
 garbage-first heap   total 131072K, used 43975K [0x0000000081400000, 0x0000000100000000)
  region size 1024K, 35 young (35840K), 6 survivors (6144K)
 Metaspace       used 34219K, capacity 35481K, committed 35628K, reserved 1081344K
  class space    used 4251K, capacity 4736K, committed 4736K, reserved 1048576K
}
Event: 5.234 GC heap after
{Heap after GC invocations=9 (full 0):
 garbage-first heap   total 131072K, used 16858K [0x0000000081400000, 0x0000000100000000)
  region size 1024K, 6 young (6144K), 6 survivors (6144K)
 Metaspace       used 34219K, capacity 35481K, committed 35628K, reserved 1081344K
  class space    used 4251K, capacity 4736K, committed 4736K, reserved 1048576K
}
Event: 6.381 GC heap before
{Heap before GC invocations=10 (full 0):
 garbage-first heap   total 131072K, used 88538K [0x0000000081400000, 0x0000000100000000)
  region size 1024K, 76 young (77824K), 6 survivors (6144K)
 Metaspace       used 44815K, capacity 46196K, committed 46252K, reserved 1089536K
  class space    used 5564K, capacity 6097K, committed 6144K, reserved 1048576K
}
Event: 6.391 GC heap after
{Heap after GC invocations=11 (full 0):
 garbage-first heap   total 186368K, used 21791K [0x0000000081400000, 0x0000000100000000)
  region size 1024K, 10 young (10240K), 10 survivors (10240K)
 Metaspace       used 44815K, capacity 46196K, committed 46252K, reserved 1089536K
  class space    used 5564K, capacity 6097K, committed 6144K, reserved 1048576K
}
Event: 7.240 GC heap before
{Heap before GC invocations=11 (full 0):
 garbage-first heap   total 186368K, used 123167K [0x0000000081400000, 0x0000000100000000)
  region size 1024K, 109 young (111616K), 10 survivors (10240K)
 Metaspace       used 55342K, capacity 56897K, committed 57132K, reserved 1099776K
  class space    used 7119K, capacity 7713K, committed 7808K, reserved 1048576K
}
Event: 7.251 GC heap after
{Heap after GC invocations=12 (full 0):
 garbage-first heap   total 186368K, used 26146K [0x0000000081400000, 0x0000000100000000)
  region size 1024K, 11 young (11264K), 11 survivors (11264K)
 Metaspace       used 55342K, capacity 56897K, committed 57132K, reserved 1099776K
  class space    used 7119K, capacity 7713K, committed 7808K, reserved 1048576K
}
Event: 7.552 GC heap before
{Heap before GC invocations=12 (full 0):
 garbage-first heap   total 186368K, used 49698K [0x0000000081400000, 0x0000000100000000)
  region size 1024K, 35 young (35840K), 11 survivors (11264K)
 Metaspace       used 57900K, capacity 59511K, committed 59564K, reserved 1101824K
  class space    used 7537K, capacity 8152K, committed 8192K, reserved 1048576K
}
Event: 7.562 GC heap after
{Heap after GC invocations=13 (full 0):
 garbage-first heap   total 186368K, used 27466K [0x0000000081400000, 0x0000000100000000)
  region size 1024K, 6 young (6144K), 6 survivors (6144K)
 Metaspace       used 57900K, capacity 59511K, committed 59564K, reserved 1101824K
  class space    used 7537K, capacity 8152K, committed 8192K, reserved 1048576K
}
Event: 8.682 GC heap before
{Heap before GC invocations=14 (full 0):
 garbage-first heap   total 186368K, used 86858K [0x0000000081400000, 0x0000000100000000)
  region size 1024K, 65 young (66560K), 6 survivors (6144K)
 Metaspace       used 65910K, capacity 67763K, committed 67992K, reserved 1107968K
  class space    used 8394K, capacity 9092K, committed 9196K, reserved 1048576K
}
Event: 8.691 GC heap after
{Heap after GC invocations=15 (full 0):
 garbage-first heap   total 186368K, used 29035K [0x0000000081400000, 0x0000000100000000)
  region size 1024K, 8 young (8192K), 8 survivors (8192K)
 Metaspace       used 65910K, capacity 67763K, committed 67992K, reserved 1107968K
  class space    used 8394K, capacity 9092K, committed 9196K, reserved 1048576K
}

Deoptimization events (0 events):
No events

Classes redefined (0 events):
No events

Internal exceptions (10 events):
Event: 7.394 Thread 0x0000018d9f153000 Exception <a 'java/lang/IncompatibleClassChangeError'{0x000000008bc99690}: Found class java.lang.Object, but interface was expected> (0x000000008bc99690) thrown at [./open/src/hotspot/share/interpreter/linkResolver.cpp, line 838]
Event: 7.419 Thread 0x0000018d9f153000 Exception <a 'java/lang/IncompatibleClassChangeError'{0x000000008ba87af0}: Found class java.lang.Object, but interface was expected> (0x000000008ba87af0) thrown at [./open/src/hotspot/share/interpreter/linkResolver.cpp, line 838]
Event: 7.500 Thread 0x0000018da00d7800 Exception <a 'java/lang/NoSuchMethodError'{0x000000008b55a360}: java.lang.invoke.DirectMethodHandle$Holder.invokeInterface(Ljava/lang/Object;Ljava/lang/Object;)V> (0x000000008b55a360) thrown at [./open/src/hotspot/share/interpreter/linkResolver.cpp, line 
Event: 7.614 Thread 0x0000018d9f153000 Exception <a 'java/lang/NoSuchMethodError'{0x000000008c6b1d90}: java.lang.invoke.DirectMethodHandle$Holder.invokeVirtual(Ljava/lang/Object;Ljava/lang/Object;J)V> (0x000000008c6b1d90) thrown at [./open/src/hotspot/share/interpreter/linkResolver.cpp, line 7
Event: 7.615 Thread 0x0000018d9f153000 Exception <a 'java/lang/NoSuchMethodError'{0x000000008c6c3268}: java.lang.invoke.DirectMethodHandle$Holder.invokeVirtual(Ljava/lang/Object;Ljava/lang/Object;F)V> (0x000000008c6c3268) thrown at [./open/src/hotspot/share/interpreter/linkResolver.cpp, line 7
Event: 7.767 Thread 0x0000018d9f153000 Exception <a 'java/lang/ClassNotFoundException'{0x000000008b8c7d78}: java/lang/ObjectCustomizer> (0x000000008b8c7d78) thrown at [./open/src/hotspot/share/classfile/systemDictionary.cpp, line 228]
Event: 7.768 Thread 0x0000018d9f153000 Exception <a 'java/lang/ClassNotFoundException'{0x000000008b8dbc20}: org/springframework/kafka/listener/ConsumerPropertiesCustomizer> (0x000000008b8dbc20) thrown at [./open/src/hotspot/share/classfile/systemDictionary.cpp, line 228]
Event: 7.770 Thread 0x0000018d9f153000 Exception <a 'java/lang/ClassNotFoundException'{0x000000008b700db8}: org/springframework/kafka/listener/ContainerPropertiesCustomizer> (0x000000008b700db8) thrown at [./open/src/hotspot/share/classfile/systemDictionary.cpp, line 228]
Event: 8.596 Thread 0x0000018da20da800 Exception <a 'java/lang/NoSuchMethodError'{0x0000000088de8f98}: java.lang.invoke.DirectMethodHandle$Holder.invokeStatic(Ljava/lang/Object;J)Ljava/lang/Object;> (0x0000000088de8f98) thrown at [./open/src/hotspot/share/interpreter/linkResolver.cpp, line 772
Event: 8.643 Thread 0x0000018da20d6000 Exception <a 'java/lang/NoClassDefFoundError'{0x0000000088a12f88}: sun/reflect/Reflection> (0x0000000088a12f88) thrown at [./open/src/hotspot/share/classfile/systemDictionary.cpp, line 217]

Events (10 events):
Event: 8.681 loading class org/apache/tomcat/util/net/NioBlockingSelector$BlockPoller$RunnableRemove done
Event: 8.682 Executing VM operation: RevokeBias
Event: 8.682 Executing VM operation: RevokeBias done
Event: 8.682 Executing VM operation: RevokeBias
Event: 8.682 Executing VM operation: RevokeBias done
Event: 8.682 Executing VM operation: RevokeBias
Event: 8.682 Executing VM operation: RevokeBias done
Event: 8.682 Executing VM operation: G1CollectForAllocation
Event: 8.691 Executing VM operation: G1CollectForAllocation done
Event: 8.691 Executing VM operation: RevokeBias


Dynamic libraries:
0x00007ff7c5b80000 - 0x00007ff7c5bc7000 	C:\Program Files\Java\jdk-11.0.7\bin\java.exe
0x00007ffd53240000 - 0x00007ffd53430000 	C:\WINDOWS\SYSTEM32\ntdll.dll
0x00007ffd52f80000 - 0x00007ffd53032000 	C:\WINDOWS\System32\KERNEL32.DLL
0x00007ffd50e40000 - 0x00007ffd510e4000 	C:\WINDOWS\System32\KERNELBASE.dll
0x00007ffd53040000 - 0x00007ffd530e3000 	C:\WINDOWS\System32\ADVAPI32.dll
0x00007ffd51990000 - 0x00007ffd51a2e000 	C:\WINDOWS\System32\msvcrt.dll
0x00007ffd52640000 - 0x00007ffd526d7000 	C:\WINDOWS\System32\sechost.dll
0x00007ffd51760000 - 0x00007ffd51880000 	C:\WINDOWS\System32\RPCRT4.dll
0x00007ffd51b30000 - 0x00007ffd51cc4000 	C:\WINDOWS\System32\USER32.dll
0x00007ffd50420000 - 0x00007ffd50441000 	C:\WINDOWS\System32\win32u.dll
0x00007ffd51b00000 - 0x00007ffd51b26000 	C:\WINDOWS\System32\GDI32.dll
0x00007ffd50ca0000 - 0x00007ffd50e34000 	C:\WINDOWS\System32\gdi32full.dll
0x00007ffd511f0000 - 0x00007ffd5128e000 	C:\WINDOWS\System32\msvcp_win.dll
0x00007ffd50320000 - 0x00007ffd5041a000 	C:\WINDOWS\System32\ucrtbase.dll
0x00007ffd47290000 - 0x00007ffd47514000 	C:\WINDOWS\WinSxS\amd64_microsoft.windows.common-controls_6595b64144ccf1df_6.0.18362.836_none_e6c4b943130f18ed\COMCTL32.dll
0x00007ffd4c120000 - 0x00007ffd4c12a000 	C:\WINDOWS\SYSTEM32\VERSION.dll
0x00007ffd52060000 - 0x00007ffd52396000 	C:\WINDOWS\System32\combase.dll
0x00007ffd51140000 - 0x00007ffd511c0000 	C:\WINDOWS\System32\bcryptPrimitives.dll
0x00007ffd531c0000 - 0x00007ffd531ee000 	C:\WINDOWS\System32\IMM32.DLL
0x00007ffd405c0000 - 0x00007ffd405d6000 	C:\Program Files\Java\jdk-11.0.7\bin\vcruntime140.dll
0x00007ffd12fe0000 - 0x00007ffd1308a000 	C:\Program Files\Java\jdk-11.0.7\bin\msvcp140.dll
0x00007ffcf70f0000 - 0x00007ffcf7c51000 	C:\Program Files\Java\jdk-11.0.7\bin\server\jvm.dll
0x00007ffd531f0000 - 0x00007ffd531f8000 	C:\WINDOWS\System32\PSAPI.DLL
0x00007ffd49cc0000 - 0x00007ffd49ce4000 	C:\WINDOWS\SYSTEM32\WINMM.dll
0x00007ffd33550000 - 0x00007ffd33559000 	C:\WINDOWS\SYSTEM32\WSOCK32.dll
0x00007ffd51f90000 - 0x00007ffd51fff000 	C:\WINDOWS\System32\WS2_32.dll
0x00007ffd49c60000 - 0x00007ffd49c8d000 	C:\WINDOWS\SYSTEM32\WINMMBASE.dll
0x00007ffd510f0000 - 0x00007ffd5113a000 	C:\WINDOWS\System32\cfgmgr32.dll
0x00007ffd50190000 - 0x00007ffd501a1000 	C:\WINDOWS\System32\kernel.appcore.dll
0x00007ffd3e240000 - 0x00007ffd3e251000 	C:\Program Files\Java\jdk-11.0.7\bin\verify.dll
0x00007ffd33de0000 - 0x00007ffd33fd4000 	C:\WINDOWS\SYSTEM32\DBGHELP.DLL
0x00007ffd33c90000 - 0x00007ffd33cba000 	C:\WINDOWS\SYSTEM32\dbgcore.DLL
0x00007ffd3d9c0000 - 0x00007ffd3d9e9000 	C:\Program Files\Java\jdk-11.0.7\bin\java.dll
0x00007ffd45c80000 - 0x00007ffd45c8a000 	C:\Program Files\Java\jdk-11.0.7\bin\jimage.dll
0x00007ffd3b2a0000 - 0x00007ffd3b2d0000 	C:\Program Files\Java\jdk-11.0.7\bin\instrument.dll
0x00007ffd3d590000 - 0x00007ffd3d5a6000 	C:\Program Files\Java\jdk-11.0.7\bin\zip.dll
0x00007ffd52890000 - 0x00007ffd52f74000 	C:\WINDOWS\System32\SHELL32.dll
0x00007ffd523c0000 - 0x00007ffd52469000 	C:\WINDOWS\System32\shcore.dll
0x00007ffd50520000 - 0x00007ffd50c9e000 	C:\WINDOWS\System32\windows.storage.dll
0x00007ffd50160000 - 0x00007ffd50183000 	C:\WINDOWS\System32\profapi.dll
0x00007ffd50110000 - 0x00007ffd5015a000 	C:\WINDOWS\System32\powrprof.dll
0x00007ffd50100000 - 0x00007ffd50110000 	C:\WINDOWS\System32\UMPDC.dll
0x00007ffd525e0000 - 0x00007ffd52632000 	C:\WINDOWS\System32\shlwapi.dll
0x00007ffd50450000 - 0x00007ffd50467000 	C:\WINDOWS\System32\cryptsp.dll
0x00007ffd3d570000 - 0x00007ffd3d589000 	C:\Program Files\Java\jdk-11.0.7\bin\net.dll
0x00007ffd49ec0000 - 0x00007ffd49fb0000 	C:\WINDOWS\SYSTEM32\WINHTTP.dll
0x00007ffd4f910000 - 0x00007ffd4f977000 	C:\WINDOWS\system32\mswsock.dll
0x00007ffd3d550000 - 0x00007ffd3d563000 	C:\Program Files\Java\jdk-11.0.7\bin\nio.dll
0x00007ffd3e2c0000 - 0x00007ffd3e2da000 	C:\Program Files\JetBrains\IntelliJ IDEA 2019.3.1\bin\breakgen64.dll
0x00007ffd4f660000 - 0x00007ffd4f72b000 	C:\WINDOWS\SYSTEM32\DNSAPI.dll
0x00007ffd51f80000 - 0x00007ffd51f88000 	C:\WINDOWS\System32\NSI.dll
0x00007ffd4f620000 - 0x00007ffd4f65a000 	C:\WINDOWS\SYSTEM32\IPHLPAPI.DLL
0x00007ffd4b890000 - 0x00007ffd4b89a000 	C:\Windows\System32\rasadhlp.dll
0x00007ffd4adb0000 - 0x00007ffd4ae27000 	C:\WINDOWS\System32\fwpuclnt.dll
0x00007ffd511c0000 - 0x00007ffd511e6000 	C:\WINDOWS\System32\bcrypt.dll
0x00007ffd45ae0000 - 0x00007ffd45ae9000 	C:\Program Files\Java\jdk-11.0.7\bin\management.dll
0x00007ffd45760000 - 0x00007ffd4576c000 	C:\Program Files\Java\jdk-11.0.7\bin\management_ext.dll
0x00007ffd4f480000 - 0x00007ffd4f4b3000 	C:\WINDOWS\system32\rsaenh.dll
0x00007ffd50020000 - 0x00007ffd50045000 	C:\WINDOWS\SYSTEM32\USERENV.dll
0x00007ffd4fae0000 - 0x00007ffd4faec000 	C:\WINDOWS\SYSTEM32\CRYPTBASE.dll
0x00007ffd4afe0000 - 0x00007ffd4aff6000 	C:\WINDOWS\SYSTEM32\dhcpcsvc6.DLL
0x00007ffd4b520000 - 0x00007ffd4b53c000 	C:\WINDOWS\SYSTEM32\dhcpcsvc.DLL
0x00007ffd336e0000 - 0x00007ffd336f6000 	C:\WINDOWS\system32\napinsp.dll
0x00007ffd33670000 - 0x00007ffd3368a000 	C:\WINDOWS\system32\pnrpnsp.dll
0x00007ffd33660000 - 0x00007ffd3366e000 	C:\WINDOWS\System32\winrnr.dll
0x00007ffd4bd70000 - 0x00007ffd4bd8c000 	C:\WINDOWS\system32\NLAapi.dll
0x00007ffd4d240000 - 0x00007ffd4d255000 	C:\WINDOWS\system32\wshbth.dll
0x00007ffd481c0000 - 0x00007ffd481ce000 	C:\Program Files\Java\jdk-11.0.7\bin\sunmscapi.dll
0x00007ffd501d0000 - 0x00007ffd50319000 	C:\WINDOWS\System32\CRYPT32.dll
0x00007ffd501b0000 - 0x00007ffd501c2000 	C:\WINDOWS\System32\MSASN1.dll
0x00007ffd4fbe0000 - 0x00007ffd4fc06000 	C:\WINDOWS\SYSTEM32\ncrypt.dll
0x00007ffd4fba0000 - 0x00007ffd4fbdb000 	C:\WINDOWS\SYSTEM32\NTASN1.dll
0x00007ffd3afa0000 - 0x00007ffd3afc6000 	C:\Program Files\Java\jdk-11.0.7\bin\sunec.dll

dbghelp: loaded successfully - version: 4.0.5 - missing functions: none
symbol engine: initialized successfully - sym options: 0x614 - pdb path: .;C:\Program Files\Java\jdk-11.0.7\bin;C:\WINDOWS\SYSTEM32;C:\WINDOWS\WinSxS\amd64_microsoft.windows.common-controls_6595b64144ccf1df_6.0.18362.836_none_e6c4b943130f18ed;C:\Program Files\Java\jdk-11.0.7\bin\server;C:\Program Files\JetBrains\IntelliJ IDEA 2019.3.1\bin

VM Arguments:
jvm_args: -XX:TieredStopAtLevel=1 -Xverify:none -Dspring.output.ansi.enabled=always -Dcom.sun.management.jmxremote -Dspring.jmx.enabled=true -Dspring.liveBeansView.mbeanDomain -Dspring.application.admin.enabled=true -javaagent:C:\Program Files\JetBrains\IntelliJ IDEA 2019.3.1\lib\idea_rt.jar=16772:C:\Program Files\JetBrains\IntelliJ IDEA 2019.3.1\bin -Dfile.encoding=UTF-8 
java_command: com.sapo.edu.Main
java_class_path (initial): C:\Users\beata\trungpq\Ex10_Message Queue Kafka\target\classes;C:\Users\beata\.m2\repository\org\springframework\boot\spring-boot-starter-data-jdbc\2.3.0.RELEASE\spring-boot-starter-data-jdbc-2.3.0.RELEASE.jar;C:\Users\beata\.m2\repository\org\springframework\boot\spring-boot-starter-jdbc\2.3.0.RELEASE\spring-boot-starter-jdbc-2.3.0.RELEASE.jar;C:\Users\beata\.m2\repository\com\zaxxer\HikariCP\3.4.5\HikariCP-3.4.5.jar;C:\Users\beata\.m2\repository\org\springframework\spring-jdbc\5.2.6.RELEASE\spring-jdbc-5.2.6.RELEASE.jar;C:\Users\beata\.m2\repository\org\springframework\data\spring-data-jdbc\2.0.0.RELEASE\spring-data-jdbc-2.0.0.RELEASE.jar;C:\Users\beata\.m2\repository\org\springframework\data\spring-data-relational\2.0.0.RELEASE\spring-data-relational-2.0.0.RELEASE.jar;C:\Users\beata\.m2\repository\org\springframework\data\spring-data-commons\2.3.0.RELEASE\spring-data-commons-2.3.0.RELEASE.jar;C:\Users\beata\.m2\repository\org\slf4j\slf4j-api\1.7.30\slf4j-api-1.7.30.jar;C:\Users\beata\.m2\repository\org\springframework\boot\spring-boot-starter-web\2.3.0.RELEASE\spring-boot-starter-web-2.3.0.RELEASE.jar;C:\Users\beata\.m2\repository\org\springframework\boot\spring-boot-starter\2.3.0.RELEASE\spring-boot-starter-2.3.0.RELEASE.jar;C:\Users\beata\.m2\repository\org\springframework\boot\spring-boot-starter-logging\2.3.0.RELEASE\spring-boot-starter-logging-2.3.0.RELEASE.jar;C:\Users\beata\.m2\repository\ch\qos\logback\logback-classic\1.2.3\logback-classic-1.2.3.jar;C:\Users\beata\.m2\repository\ch\qos\logback\logback-core\1.2.3\logback-core-1.2.3.jar;C:\Users\beata\.m2\repository\org\apache\logging\log4j\log4j-to-slf4j\2.13.2\log4j-to-slf4j-2.13.2.jar;C:\Users\beata\.m2\repository\org\apache\logging\log4j\log4j-api\2.13.2\log4j-api-2.13.2.jar;C:\Users\beata\.m2\repository\org\slf4j\jul-to-slf4j\1.7.30\jul-to-slf4j-1.7.30.jar;C:\Users\beata\.m2\repository\jakarta\annotation\jakarta.annotation-api\1.3.5\jakarta.annotation-api-1.3.5.jar;C:\Users
Launcher Type: SUN_STANDARD

[Global flags]
     bool BytecodeVerificationLocal                = false                                     {product} {command line}
     bool BytecodeVerificationRemote               = false                                     {product} {command line}
     intx CICompilerCount                          = 4                                         {product} {ergonomic}
     uint ConcGCThreads                            = 2                                         {product} {ergonomic}
     uint G1ConcRefinementThreads                  = 8                                         {product} {ergonomic}
   size_t G1HeapRegionSize                         = 1048576                                   {product} {ergonomic}
    uintx GCDrainStackTargetSize                   = 64                                        {product} {ergonomic}
   size_t InitialHeapSize                          = 134217728                                 {product} {ergonomic}
     bool ManagementServer                         = true                                      {product} {command line}
   size_t MarkStackSize                            = 4194304                                   {product} {ergonomic}
   size_t MaxHeapSize                              = 2126512128                                {product} {ergonomic}
   size_t MaxNewSize                               = 1275068416                                {product} {ergonomic}
   size_t MinHeapDeltaBytes                        = 1048576                                   {product} {ergonomic}
    uintx NonNMethodCodeHeapSize                   = 7549744                                {pd product} {ergonomic}
    uintx NonProfiledCodeHeapSize                  = 244108496                              {pd product} {ergonomic}
    uintx ProfiledCodeHeapSize                     = 0                                      {pd product} {ergonomic}
    uintx ReservedCodeCacheSize                    = 251658240                              {pd product} {ergonomic}
     bool SegmentedCodeCache                       = true                                      {product} {ergonomic}
     intx TieredStopAtLevel                        = 1                                         {product} {command line}
     bool UseCompressedClassPointers               = true                                 {lp64_product} {ergonomic}
     bool UseCompressedOops                        = true                                 {lp64_product} {ergonomic}
     bool UseG1GC                                  = true                                      {product} {ergonomic}
     bool UseLargePagesIndividualAllocation        = false                                  {pd product} {ergonomic}

Logging:
Log output configuration:
 #0: stdout all=warning uptime,level,tags
 #1: stderr all=off uptime,level,tags

Environment Variables:
JAVA_HOME=C:\Program Files\Java\jdk-11.0.7
PATH=C:\Python27\;C:\Python27\Scripts;C:\Program Files (x86)\Razer\ChromaBroadcast\bin;C:\Program Files\Razer\ChromaBroadcast\bin;C:\Program Files (x86)\Intel\Intel(R) Management Engine Components\iCLS\;C:\Program Files\Intel\Intel(R) Management Engine Components\iCLS\;C:\Windows\system32;C:\Windows;C:\Windows\System32\Wbem;C:\Windows\System32\WindowsPowerShell\v1.0\;C:\Windows\System32\OpenSSH\;C:\Program Files (x86)\NVIDIA Corporation\PhysX\Common;C:\Program Files (x86)\Intel\Intel(R) Management Engine Components\DAL;C:\Program Files\Intel\Intel(R) Management Engine Components\DAL;C:\Program Files (x86)\Intel\Intel(R) Management Engine Components\IPT;C:\Program Files\Intel\Intel(R) Management Engine Components\IPT;C:\Program Files\Intel\WiFi\bin\;C:\Program Files\Common Files\Intel\WirelessCommon\;C:\Program Files\NVIDIA Corporation\NVIDIA NvDLISR;C:\Program Files (x86)\Microsoft SQL Server\140\Tools\Binn\;C:\Program Files\Microsoft SQL Server\140\Tools\Binn\;C:\Program Files\Microsoft SQL Server\140\DTS\Binn\;C:\Program Files\Microsoft SQL Server\Client SDK\ODBC\130\Tools\Binn\;C:\Program Files\Microsoft SQL Server\130\Tools\Binn\;C:\Program Files (x86)\Microsoft SQL Server\Client SDK\ODBC\130\Tools\Binn\;C:\Program Files (x86)\Microsoft SQL Server\140\DTS\Binn\;C:\Program Files (x86)\Microsoft SQL Server\140\Tools\Binn\ManagementStudio\;C:\WINDOWS\system32;C:\WINDOWS;C:\WINDOWS\System32\Wbem;C:\WINDOWS\System32\WindowsPowerShell\v1.0\;C:\WINDOWS\System32\OpenSSH\;C:\WINDOWS\system32\config\systemprofile\AppData\Local\Microsoft\WindowsApps;C:\Program Files\dotnet\;C:\Program Files\Microsoft SQL Server\Client SDK\ODBC\170\Tools\Binn\;C:\Program Files\Java\jdk-13.0.1\bin;C:\xampp\php;C:\composer;C:\ProgramData\ComposerSetup\bin;C:\Program Files\nodejs\;C:\ProgramData\chocolatey\bin;C:\Program Files (x86)\GitExtensions\;C:\Program Files\Java\jdk-11.0.7\bin;C:\install\apache-maven-3.6.3\bin;C:\Program Files\Git\cmd;D:\Training\curl-7.70.0-win64-mingw\curl-7.70.0-win64-m
USERNAME=beata
OS=Windows_NT
PROCESSOR_IDENTIFIER=Intel64 Family 6 Model 158 Stepping 9, GenuineIntel



---------------  S Y S T E M  ---------------

OS: Windows 10 , 64 bit Build 18362 (10.0.18362.778)

CPU:total 8 (initial active 8) (4 cores per cpu, 2 threads per core) family 6 model 158 stepping 9, cmov, cx8, fxsr, mmx, sse, sse2, sse3, ssse3, sse4.1, sse4.2, popcnt, avx, avx2, aes, clmul, erms, 3dnowpref, lzcnt, ht, tsc, tscinvbit, bmi1, bmi2, adx, fma

Memory: 4k page, system-wide physical 8109M (249M free)
TotalPageFile size 15715M (AvailPageFile size 251M)
current process WorkingSet (physical memory assigned to process): 303M, peak: 303M
current process commit charge ("private bytes"): 367M, peak: 1525M

vm_info: Java HotSpot(TM) 64-Bit Server VM (11.0.7+8-LTS) for windows-amd64 JRE (11.0.7+8-LTS), built on Mar 12 2020 02:04:32 by "mach5one" with MS VC++ 15.5 (VS2017)

END.
