#
# There is insufficient memory for the Java Runtime Environment to continue.
# Native memory allocation (mmap) failed to map 134217728 bytes for Failed to commit area from 0x0000000081400000 to 0x0000000089400000 of length 134217728.
# Possible reasons:
#   The system is out of physical RAM or swap space
#   The process is running with CompressedOops enabled, and the Java Heap may be blocking the growth of the native heap
# Possible solutions:
#   Reduce memory load on the system
#   Increase physical memory or swap space
#   Check if swap backing store is full
#   Decrease Java heap size (-Xmx/-Xms)
#   Decrease number of Java threads
#   Decrease Java thread stack sizes (-Xss)
#   Set larger code cache with -XX:ReservedCodeCacheSize=
# This output file may be truncated or incomplete.
#
#  Out of Memory Error (./open/src/hotspot/os/windows/os_windows.cpp:3271), pid=42404, tid=15884
#
# JRE version:  (11.0.7+8) (build )
# Java VM: Java HotSpot(TM) 64-Bit Server VM (11.0.7+8-LTS, mixed mode, sharing, tiered, compressed oops, g1 gc, windows-amd64)
# No core dump will be written. Minidumps are not enabled by default on client versions of Windows
#

---------------  S U M M A R Y ------------

Command Line: -XX:TieredStopAtLevel=1 -Xverify:none -Dspring.output.ansi.enabled=always -Dcom.sun.management.jmxremote -Dspring.jmx.enabled=true -Dspring.liveBeansView.mbeanDomain -Dspring.application.admin.enabled=true -javaagent:C:\Program Files\JetBrains\IntelliJ IDEA 2019.3.1\lib\idea_rt.jar=8745:C:\Program Files\JetBrains\IntelliJ IDEA 2019.3.1\bin -Dfile.encoding=UTF-8 com.sapo.edu.Main

Host: Intel(R) Core(TM) i7-7700HQ CPU @ 2.80GHz, 8 cores, 7G,  Windows 10 , 64 bit Build 18362 (10.0.18362.778)
Time: Fri Jun  5 07:29:16 2020 SE Asia Standard Time elapsed time: 0 seconds (0d 0h 0m 0s)

---------------  T H R E A D  ---------------

Current thread (0x000002067b456000):  JavaThread "Unknown thread" [_thread_in_vm, id=15884, stack(0x0000008932500000,0x0000008932600000)]

Stack: [0x0000008932500000,0x0000008932600000]
Native frames: (J=compiled Java code, j=interpreted, Vv=VM code, C=native code)
V  [jvm.dll+0x661a7a]
V  [jvm.dll+0x7a1b2f]
V  [jvm.dll+0x7a31d5]
V  [jvm.dll+0x7a3843]
V  [jvm.dll+0x25f1a8]
V  [jvm.dll+0x65ee8a]
V  [jvm.dll+0x653865]
V  [jvm.dll+0x316adc]
V  [jvm.dll+0x316962]
V  [jvm.dll+0x31c1d6]
V  [jvm.dll+0x3688af]
V  [jvm.dll+0x3682d0]
V  [jvm.dll+0x2f3888]
V  [jvm.dll+0x2f49e6]
V  [jvm.dll+0x77ac57]
V  [jvm.dll+0x77c52f]
V  [jvm.dll+0x3755a9]
V  [jvm.dll+0x75fe6e]
V  [jvm.dll+0x3e5b7d]
V  [jvm.dll+0x3e8091]
C  [java.exe+0x3607]
C  [java.exe+0x178dc]
C  [KERNEL32.DLL+0x17bd4]
C  [ntdll.dll+0x6ce51]


---------------  P R O C E S S  ---------------

Threads class SMR info:
_java_thread_list=0x000002067920bc70, length=0, elements={
}

Java Threads: ( => current thread )

Other Threads:
  0x000002067b46e000 GCTaskThread "GC Thread#0" [stack: 0x0000008932600000,0x0000008932700000] [id=29100]
  0x000002067b49c800 ConcurrentGCThread "G1 Main Marker" [stack: 0x0000008932700000,0x0000008932800000] [id=43000]
  0x000002067b49e000 ConcurrentGCThread "G1 Conc#0" [stack: 0x0000008932800000,0x0000008932900000] [id=30276]

[error occurred during error reporting (printing all threads), id 0xc0000005, EXCEPTION_ACCESS_VIOLATION (0xc0000005) at pc=0x00007ffcaa1f2047]

VM state:not at safepoint (not fully initialized)

VM Mutex/Monitor currently owned by a thread:  ([mutex/lock_event])
[0x000002067b450f20] Heap_lock - owner thread: 0x000002067b456000

Heap address: 0x0000000081400000, size: 2028 MB, Compressed Oops mode: Non-zero based: 0x0000000081400000
Narrow klass base: 0x0000000000000000, Narrow klass shift: 0

GC Heap History (0 events):
No events

Deoptimization events (0 events):
No events

Classes redefined (0 events):
No events

Internal exceptions (0 events):
No events

Events (0 events):
No events


Dynamic libraries:
0x00007ff748440000 - 0x00007ff748487000 	C:\Program Files\Java\jdk-11.0.7\bin\java.exe
0x00007ffd01fc0000 - 0x00007ffd021b0000 	C:\WINDOWS\SYSTEM32\ntdll.dll
0x00007ffd00ec0000 - 0x00007ffd00f72000 	C:\WINDOWS\System32\KERNEL32.DLL
0x00007ffcff930000 - 0x00007ffcffbd4000 	C:\WINDOWS\System32\KERNELBASE.dll
0x00007ffd008f0000 - 0x00007ffd00993000 	C:\WINDOWS\System32\ADVAPI32.dll
0x00007ffd00470000 - 0x00007ffd0050e000 	C:\WINDOWS\System32\msvcrt.dll
0x00007ffd01790000 - 0x00007ffd01827000 	C:\WINDOWS\System32\sechost.dll
0x00007ffd00f80000 - 0x00007ffd010a0000 	C:\WINDOWS\System32\RPCRT4.dll
0x00007ffd005a0000 - 0x00007ffd00734000 	C:\WINDOWS\System32\USER32.dll
0x00007ffcfeff0000 - 0x00007ffcff011000 	C:\WINDOWS\System32\win32u.dll
0x00007ffd01c10000 - 0x00007ffd01c36000 	C:\WINDOWS\System32\GDI32.dll
0x00007ffcffed0000 - 0x00007ffd00064000 	C:\WINDOWS\System32\gdi32full.dll
0x00007ffcffe30000 - 0x00007ffcffece000 	C:\WINDOWS\System32\msvcp_win.dll
0x00007ffcff020000 - 0x00007ffcff11a000 	C:\WINDOWS\System32\ucrtbase.dll
0x00007ffcf5110000 - 0x00007ffcf5394000 	C:\WINDOWS\WinSxS\amd64_microsoft.windows.common-controls_6595b64144ccf1df_6.0.18362.836_none_e6c4b943130f18ed\COMCTL32.dll
0x00007ffd01c40000 - 0x00007ffd01f76000 	C:\WINDOWS\System32\combase.dll
0x00007ffcfef50000 - 0x00007ffcfefd0000 	C:\WINDOWS\System32\bcryptPrimitives.dll
0x00007ffcf9510000 - 0x00007ffcf951a000 	C:\WINDOWS\SYSTEM32\VERSION.dll
0x00007ffd00350000 - 0x00007ffd0037e000 	C:\WINDOWS\System32\IMM32.DLL
0x00007ffcfb4f0000 - 0x00007ffcfb506000 	C:\Program Files\Java\jdk-11.0.7\bin\vcruntime140.dll
0x00007ffcf2510000 - 0x00007ffcf25ba000 	C:\Program Files\Java\jdk-11.0.7\bin\msvcp140.dll
0x00007ffca9ef0000 - 0x00007ffcaaa51000 	C:\Program Files\Java\jdk-11.0.7\bin\server\jvm.dll
0x00007ffd00590000 - 0x00007ffd00598000 	C:\WINDOWS\System32\PSAPI.DLL
0x00007ffce43b0000 - 0x00007ffce43b9000 	C:\WINDOWS\SYSTEM32\WSOCK32.dll
0x00007ffd00280000 - 0x00007ffd002ef000 	C:\WINDOWS\System32\WS2_32.dll
0x00007ffcfcbd0000 - 0x00007ffcfcbf4000 	C:\WINDOWS\SYSTEM32\WINMM.dll
0x00007ffcfc9c0000 - 0x00007ffcfc9ed000 	C:\WINDOWS\SYSTEM32\WINMMBASE.dll
0x00007ffcffc90000 - 0x00007ffcffcda000 	C:\WINDOWS\System32\cfgmgr32.dll
0x00007ffcfee90000 - 0x00007ffcfeea1000 	C:\WINDOWS\System32\kernel.appcore.dll
0x00007ffcf43f0000 - 0x00007ffcf4401000 	C:\Program Files\Java\jdk-11.0.7\bin\verify.dll
0x00007ffce5810000 - 0x00007ffce5a04000 	C:\WINDOWS\SYSTEM32\DBGHELP.DLL
0x00007ffce5210000 - 0x00007ffce523a000 	C:\WINDOWS\SYSTEM32\dbgcore.DLL
0x00007ffcf4370000 - 0x00007ffcf4399000 	C:\Program Files\Java\jdk-11.0.7\bin\java.dll
0x00007ffcfb570000 - 0x00007ffcfb57a000 	C:\Program Files\Java\jdk-11.0.7\bin\jimage.dll
0x00007ffcf2860000 - 0x00007ffcf2890000 	C:\Program Files\Java\jdk-11.0.7\bin\instrument.dll
0x00007ffcf2890000 - 0x00007ffcf28a6000 	C:\Program Files\Java\jdk-11.0.7\bin\zip.dll

dbghelp: loaded successfully - version: 4.0.5 - missing functions: none
symbol engine: initialized successfully - sym options: 0x614 - pdb path: .;C:\Program Files\Java\jdk-11.0.7\bin;C:\WINDOWS\SYSTEM32;C:\WINDOWS\WinSxS\amd64_microsoft.windows.common-controls_6595b64144ccf1df_6.0.18362.836_none_e6c4b943130f18ed;C:\Program Files\Java\jdk-11.0.7\bin\server

VM Arguments:
jvm_args: -XX:TieredStopAtLevel=1 -Xverify:none -Dspring.output.ansi.enabled=always -Dcom.sun.management.jmxremote -Dspring.jmx.enabled=true -Dspring.liveBeansView.mbeanDomain -Dspring.application.admin.enabled=true -javaagent:C:\Program Files\JetBrains\IntelliJ IDEA 2019.3.1\lib\idea_rt.jar=8745:C:\Program Files\JetBrains\IntelliJ IDEA 2019.3.1\bin -Dfile.encoding=UTF-8 
java_command: com.sapo.edu.Main
java_class_path (initial): D:\Training\trungpq\Ex5_DB_Springboot\target\classes;C:\Users\beata\.m2\repository\org\springframework\boot\spring-boot-starter-data-jdbc\2.3.0.RELEASE\spring-boot-starter-data-jdbc-2.3.0.RELEASE.jar;C:\Users\beata\.m2\repository\org\springframework\boot\spring-boot-starter-jdbc\2.3.0.RELEASE\spring-boot-starter-jdbc-2.3.0.RELEASE.jar;C:\Users\beata\.m2\repository\com\zaxxer\HikariCP\3.4.5\HikariCP-3.4.5.jar;C:\Users\beata\.m2\repository\org\springframework\spring-jdbc\5.2.6.RELEASE\spring-jdbc-5.2.6.RELEASE.jar;C:\Users\beata\.m2\repository\org\springframework\data\spring-data-jdbc\2.0.0.RELEASE\spring-data-jdbc-2.0.0.RELEASE.jar;C:\Users\beata\.m2\repository\org\springframework\data\spring-data-relational\2.0.0.RELEASE\spring-data-relational-2.0.0.RELEASE.jar;C:\Users\beata\.m2\repository\org\springframework\data\spring-data-commons\2.3.0.RELEASE\spring-data-commons-2.3.0.RELEASE.jar;C:\Users\beata\.m2\repository\org\springframework\spring-context\5.2.6.RELEASE\spring-context-5.2.6.RELEASE.jar;C:\Users\beata\.m2\repository\org\slf4j\slf4j-api\1.7.30\slf4j-api-1.7.30.jar;C:\Users\beata\.m2\repository\org\springframework\boot\spring-boot-starter-web\2.3.0.RELEASE\spring-boot-starter-web-2.3.0.RELEASE.jar;C:\Users\beata\.m2\repository\org\springframework\boot\spring-boot-starter\2.3.0.RELEASE\spring-boot-starter-2.3.0.RELEASE.jar;C:\Users\beata\.m2\repository\org\springframework\boot\spring-boot-starter-logging\2.3.0.RELEASE\spring-boot-starter-logging-2.3.0.RELEASE.jar;C:\Users\beata\.m2\repository\ch\qos\logback\logback-classic\1.2.3\logback-classic-1.2.3.jar;C:\Users\beata\.m2\repository\ch\qos\logback\logback-core\1.2.3\logback-core-1.2.3.jar;C:\Users\beata\.m2\repository\org\apache\logging\log4j\log4j-to-slf4j\2.13.2\log4j-to-slf4j-2.13.2.jar;C:\Users\beata\.m2\repository\org\apache\logging\log4j\log4j-api\2.13.2\log4j-api-2.13.2.jar;C:\Users\beata\.m2\repository\org\slf4j\jul-to-slf4j\1.7.30\jul-to-slf4j-1.7.30.jar;C:\Users\beata\.m
Launcher Type: SUN_STANDARD

[Global flags]
     bool BytecodeVerificationLocal                = false                                     {product} {command line}
     bool BytecodeVerificationRemote               = false                                     {product} {command line}
     intx CICompilerCount                          = 4                                         {product} {ergonomic}
     uint ConcGCThreads                            = 2                                         {product} {ergonomic}
     uint G1ConcRefinementThreads                  = 8                                         {product} {ergonomic}
   size_t G1HeapRegionSize                         = 1048576                                   {product} {ergonomic}
    uintx GCDrainStackTargetSize                   = 64                                        {product} {ergonomic}
   size_t InitialHeapSize                          = 134217728                                 {product} {ergonomic}
     bool ManagementServer                         = true                                      {product} {command line}
   size_t MarkStackSize                            = 4194304                                   {product} {ergonomic}
   size_t MaxHeapSize                              = 2126512128                                {product} {ergonomic}
   size_t MinHeapDeltaBytes                        = 1048576                                   {product} {ergonomic}
    uintx NonNMethodCodeHeapSize                   = 7549744                                {pd product} {ergonomic}
    uintx NonProfiledCodeHeapSize                  = 244108496                              {pd product} {ergonomic}
    uintx ProfiledCodeHeapSize                     = 0                                      {pd product} {ergonomic}
    uintx ReservedCodeCacheSize                    = 251658240                              {pd product} {ergonomic}
     bool SegmentedCodeCache                       = true                                      {product} {ergonomic}
     intx TieredStopAtLevel                        = 1                                         {product} {command line}
     bool UseCompressedClassPointers               = true                                 {lp64_product} {ergonomic}
     bool UseCompressedOops                        = true                                 {lp64_product} {ergonomic}
     bool UseG1GC                                  = true                                      {product} {ergonomic}
     bool UseLargePagesIndividualAllocation        = false                                  {pd product} {ergonomic}

Logging:
Log output configuration:
 #0: stdout all=warning uptime,level,tags
 #1: stderr all=off uptime,level,tags

Environment Variables:
JAVA_HOME=C:\Program Files\Java\jdk-11.0.7
PATH=C:\Python27\;C:\Python27\Scripts;C:\Program Files (x86)\Razer\ChromaBroadcast\bin;C:\Program Files\Razer\ChromaBroadcast\bin;C:\Program Files (x86)\Intel\Intel(R) Management Engine Components\iCLS\;C:\Program Files\Intel\Intel(R) Management Engine Components\iCLS\;C:\Windows\system32;C:\Windows;C:\Windows\System32\Wbem;C:\Windows\System32\WindowsPowerShell\v1.0\;C:\Windows\System32\OpenSSH\;C:\Program Files (x86)\NVIDIA Corporation\PhysX\Common;C:\Program Files (x86)\Intel\Intel(R) Management Engine Components\DAL;C:\Program Files\Intel\Intel(R) Management Engine Components\DAL;C:\Program Files (x86)\Intel\Intel(R) Management Engine Components\IPT;C:\Program Files\Intel\Intel(R) Management Engine Components\IPT;C:\Program Files\Intel\WiFi\bin\;C:\Program Files\Common Files\Intel\WirelessCommon\;C:\Program Files\NVIDIA Corporation\NVIDIA NvDLISR;C:\Program Files (x86)\Microsoft SQL Server\140\Tools\Binn\;C:\Program Files\Microsoft SQL Server\140\Tools\Binn\;C:\Program Files\Microsoft SQL Server\140\DTS\Binn\;C:\Program Files\Microsoft SQL Server\Client SDK\ODBC\130\Tools\Binn\;C:\Program Files\Microsoft SQL Server\130\Tools\Binn\;C:\Program Files (x86)\Microsoft SQL Server\Client SDK\ODBC\130\Tools\Binn\;C:\Program Files (x86)\Microsoft SQL Server\140\DTS\Binn\;C:\Program Files (x86)\Microsoft SQL Server\140\Tools\Binn\ManagementStudio\;C:\WINDOWS\system32;C:\WINDOWS;C:\WINDOWS\System32\Wbem;C:\WINDOWS\System32\WindowsPowerShell\v1.0\;C:\WINDOWS\System32\OpenSSH\;C:\WINDOWS\system32\config\systemprofile\AppData\Local\Microsoft\WindowsApps;C:\Program Files\dotnet\;C:\Program Files\Microsoft SQL Server\Client SDK\ODBC\170\Tools\Binn\;C:\Program Files\Java\jdk-13.0.1\bin;C:\xampp\php;C:\composer;C:\ProgramData\ComposerSetup\bin;C:\Program Files\nodejs\;C:\ProgramData\chocolatey\bin;C:\Program Files (x86)\GitExtensions\;C:\Program Files\Java\jdk-11.0.7\bin;C:\install\apache-maven-3.6.3\bin;C:\Program Files\Git\cmd;C:\Program Files\MySQL\MySQL Shell 8.0\bin\;D:\Anaconda
USERNAME=beata
OS=Windows_NT
PROCESSOR_IDENTIFIER=Intel64 Family 6 Model 158 Stepping 9, GenuineIntel



---------------  S Y S T E M  ---------------

OS: Windows 10 , 64 bit Build 18362 (10.0.18362.778)

CPU:total 8 (initial active 8) (4 cores per cpu, 2 threads per core) family 6 model 158 stepping 9, cmov, cx8, fxsr, mmx, sse, sse2, sse3, ssse3, sse4.1, sse4.2, popcnt, avx, avx2, aes, clmul, erms, 3dnowpref, lzcnt, ht, tsc, tscinvbit, bmi1, bmi2, adx, fma

Memory: 4k page, system-wide physical 8109M (458M free)
TotalPageFile size 16109M (AvailPageFile size 77M)
current process WorkingSet (physical memory assigned to process): 10M, peak: 10M
current process commit charge ("private bytes"): 57M, peak: 185M

vm_info: Java HotSpot(TM) 64-Bit Server VM (11.0.7+8-LTS) for windows-amd64 JRE (11.0.7+8-LTS), built on Mar 12 2020 02:04:32 by "mach5one" with MS VC++ 15.5 (VS2017)

END.
